<?xml version="1.0" encoding="UTF-8"?>
<!-- Generated by org.testng.reporters.JUnitReportReporter -->
<testsuite hostname="LAPTOP-M2A8A7B6" failures="0" tests="3" name="testngprac.TestNGPracAnnotation" time="0.094" errors="0" timestamp="2022-07-07T15:51:28 IST" skipped="0">
  <testcase classname="testngprac.TestNGPracAnnotation" name="AnnotationPrac" time="0.045"/>
  <system-out/>
  <testcase classname="testngprac.TestNGPracAnnotation" name="DataProvider" time="0.028"/>
  <system-out/>
  <testcase classname="testngprac.TestNGPracAnnotation" name="DataProvider" time="0.021"/>
  <system-out/>
</testsuite> <!-- testngprac.TestNGPracAnnotation -->
