<?xml version="1.0" encoding="UTF-8"?>
<!-- Generated by org.testng.reporters.JUnitReportReporter -->
<testsuite hostname="LAPTOP-M2A8A7B6" failures="0" tests="6" name="testngprac.TestNgPriority" time="0.048" errors="0" timestamp="2022-07-07T15:51:28 IST" skipped="0">
  <testcase classname="testngprac.TestNgPriority" name="Test6" time="0.016"/>
  <system-out/>
  <testcase classname="testngprac.TestNgPriority" name="Test3" time="0.020"/>
  <system-out/>
  <testcase classname="testngprac.TestNgPriority" name="Test2" time="0.002"/>
  <system-out/>
  <testcase classname="testngprac.TestNgPriority" name="Test4" time="0.004"/>
  <system-out/>
  <testcase classname="testngprac.TestNgPriority" name="Test1" time="0.002"/>
  <system-out/>
  <testcase classname="testngprac.TestNgPriority" name="Test5" time="0.004"/>
  <system-out/>
</testsuite> <!-- testngprac.TestNgPriority -->
