<?xml version="1.0" encoding="UTF-8"?>
<!-- Generated by org.testng.reporters.JUnitReportReporter -->
<testsuite hostname="LAPTOP-M2A8A7B6" failures="0" tests="19" name="testngprac.TestNgGroup" time="0.234" errors="0" timestamp="2022-07-07T15:51:28 IST" skipped="1">
  <testcase classname="testngprac.TestNgGroup" name="OptionalTest" time="0.006"/>
  <system-out/>
  <testcase classname="testngprac.TestNgGroup" name="GroupSmome" time="0.002"/>
  <system-out/>
  <testcase classname="testngprac.TestNgGroup" name="GroupdependsOnGroupsSanity" time="0.005"/>
  <system-out/>
  <testcase classname="testngprac.TestNgGroup" name="ThreadpoolSize" time="0.022"/>
  <system-out/>
  <testcase classname="testngprac.TestNgGroup" name="timeoutsSes" time="0.030"/>
  <system-out/>
  <testcase classname="testngprac.TestNgGroup" name="GroupSanity" time="0.004"/>
  <system-out/>
  <testcase classname="testngprac.TestNgGroup" name="GroupRegression" time="0.037"/>
  <system-out/>
  <testcase classname="testngprac.TestNgGroup" name="GroupARandDM" time="0.029"/>
  <system-out/>
  <testcase classname="testngprac.TestNgGroup" name="ThreadpoolSize" time="0.008"/>
  <system-out/>
  <testcase classname="testngprac.TestNgGroup" name="ThreadpoolSize" time="0.004"/>
  <system-out/>
  <testcase classname="testngprac.TestNgGroup" name="GroupalwaysRunTrue" time="0.003"/>
  <system-out/>
  <testcase classname="testngprac.TestNgGroup" name="GroupalwaysRunfalse" time="0.007"/>
  <system-out/>
  <testcase classname="testngprac.TestNgGroup" name="ThreadpoolSize" time="0.018"/>
  <system-out/>
  <testcase classname="testngprac.TestNgGroup" name="dependsOnMethodsGroup7" time="0.015"/>
  <system-out/>
  <testcase classname="testngprac.TestNgGroup" name="parameter" time="0.003"/>
  <system-out/>
  <testcase classname="testngprac.TestNgGroup" name="Group9" time="0.009"/>
  <system-out/>
  <testcase classname="testngprac.TestNgGroup" name="Group11" time="0.014"/>
  <system-out/>
  <testcase classname="testngprac.TestNgGroup" name="expectedExceptions" time="0.018"/>
  <system-out/>
  <testcase classname="testngprac.TestNgGroup" name="Ignore">
    <skipped/>
  </testcase> <!-- Ignore -->
  <system-out/>
</testsuite> <!-- testngprac.TestNgGroup -->
